2024/04/27 14:40:53 2
2024/04/27 14:40:53 0xbbbe40
2024/04/27 14:42:14 2
2024/04/27 14:42:14 map[]
2024/04/27 14:44:07 2
2024/04/27 14:44:07 map[]
2024/04/27 14:45:46 2
2024/04/27 14:45:46 map[]
2024/04/27 14:47:11 2
2024/04/27 14:47:11 map[]
2024/04/27 14:47:36 2
2024/04/27 14:47:36 
2024/04/27 14:47:36 
2024/04/27 14:47:36 map[]
2024/04/27 14:52:31 2
2024/04/27 14:52:31 
2024/04/27 14:52:31 
2024/04/27 14:52:31 map[]
2024/04/27 14:53:31 2
2024/04/27 14:53:31 
2024/04/27 14:53:31 
2024/04/27 14:53:31 map[]
2024/04/27 14:57:40 2
2024/04/27 14:57:40 
2024/04/27 14:57:40 
2024/04/27 14:57:40 map[]
2024/04/27 15:15:16 2
2024/04/27 15:15:16 
2024/04/27 15:15:16 
2024/04/27 15:15:16 map[]
2024/04/27 15:22:00 2
2024/04/27 15:22:00 
2024/04/27 15:22:00 
2024/04/27 15:22:00 map[]
2024/04/27 16:08:39 3
2024/04/27 16:08:39 
2024/04/27 16:08:39 
2024/04/27 16:08:39 map[email:571404393@qq.com txt:test]
2024/04/27 16:09:47 3
2024/04/27 16:09:47 
2024/04/27 16:09:47 
2024/04/27 16:09:47 map[email:571404393@qq.com txt:test]
2024/04/27 16:09:47 535 Login Fail. Please enter your authorization code to login. More information in http://service.mail.qq.com/cgi-bin/help?subtype=1&&id=28&&no=1001256
2024/04/27 16:14:23 3
2024/04/27 16:14:23 
2024/04/27 16:14:23 
2024/04/27 16:14:23 map[email:571404393@qq.com txt:test]
2024/04/27 16:51:58 3
2024/04/27 16:51:58 
2024/04/27 16:51:58 
2024/04/27 16:51:58 map[]
2024/04/27 17:00:04 3
2024/04/27 17:00:04 
2024/04/27 17:00:04 
2024/04/27 17:00:04 map[]
2024/04/27 17:44:54 3
2024/04/27 17:44:54 
2024/04/27 17:44:54 
2024/04/27 17:44:54 map[]
2024/04/27 18:08:08 2
2024/04/27 18:08:08 
2024/04/27 18:08:08 
2024/04/27 18:08:08 map[]
2024/04/27 18:34:53 2
2024/04/27 18:34:53 
2024/04/27 18:34:53 
2024/04/27 18:34:53 map[emal:571404393@qq.com txt:test]
2024/04/27 18:48:32 2
2024/04/27 18:48:32 
2024/04/27 18:48:32 
2024/04/27 18:48:32 map[emal:571404393@qq.com txt:test]
2024/04/27 18:53:42 2
2024/04/27 18:53:42 
2024/04/27 18:53:42 
2024/04/27 18:53:42 map[emal:571404393@qq.com txt:test]
2024/04/27 19:09:33 2
2024/04/27 19:09:33 
2024/04/27 19:09:33 
2024/04/27 19:09:33 map[emal:571404393@qq.com txt:test]
2024/04/27 19:40:25 2
2024/04/27 19:40:25 
2024/04/27 19:40:25 
2024/04/27 19:40:25 map[emal:571404393@qq.com txt:test]
2024/04/27 20:23:53 2
2024/04/27 20:23:53 
2024/04/27 20:23:53 
2024/04/27 20:23:53 map[emal:571404393@qq.com txt:test]
2024/04/27 20:25:37 2
2024/04/27 20:25:37 
2024/04/27 20:25:37 
2024/04/27 20:25:37 map[emal:571404393@qq.com txt:test]
2024/04/27 20:27:39 2
2024/04/27 20:27:39 
2024/04/27 20:27:39 
2024/04/27 20:27:39 map[emal:571404393@qq.com txt:test]
2024/04/27 22:51:51 2
2024/04/27 22:51:51 
2024/04/27 22:51:51 
2024/04/27 22:51:51 map[emal:571404393@qq.com txt:test]
